<?xml version="1.0" encoding="UTF-8"?>
<!-- Generated by org.testng.reporters.JUnitReportReporter -->
<testsuite skipped="0" hostname="LAPTOP-4AN8MAGU" name="com.testcase.loginpagetest" tests="1" failures="0" timestamp="2021-11-29T14:08:44 IST" time="75.228" errors="0">
  <testcase name="test1" time="75.228" classname="com.testcase.loginpagetest"/>
  <system-out/>
</testsuite> <!-- com.testcase.loginpagetest -->
